<?xml version="1.0" encoding="UTF-8"?>
<robot generator="Robot 3.2 (Python 3.8.2 on darwin)" generated="20200512 21:14:14.592" rpa="false">
<suite id="s1" name="Settings Test" source="/Users/vitorsantana/Projetos/Python_Robot/Positiveness/tests/system/settings_test.robot">
<test id="s1-t1" name="Tentar salvar com os campos em branco">
<kw name="Abrindo browser e logando com usuario &quot;test@test.com&quot; &quot;test123&quot;, &quot;106&quot;" library="settings_steps" type="setup">
<kw name="Open Browser" library="SeleniumLibrary">
<doc>Opens a new browser instance to the optional ``url``.</doc>
<arguments>
<arg>${URL_LOGIN}</arg>
<arg>${BROWSER}</arg>
</arguments>
<msg timestamp="20200512 21:14:14.743" level="INFO">Opening browser 'Chrome' to base url 'https://positiveness.herokuapp.com/login'.</msg>
<status status="PASS" starttime="20200512 21:14:14.743" endtime="20200512 21:14:17.972"></status>
</kw>
<kw name="Preencher Dados Login" library="login_page">
<arguments>
<arg>${email}</arg>
<arg>${password}</arg>
</arguments>
<kw name="Input Text" library="SeleniumLibrary">
<doc>Types the given ``text`` into the text field identified by ``locator``.</doc>
<arguments>
<arg>${input_email}</arg>
<arg>${email}</arg>
</arguments>
<msg timestamp="20200512 21:14:17.974" level="INFO">Typing text 'test@test.com' into text field 'xpath://*[@id="session_email"]'.</msg>
<status status="PASS" starttime="20200512 21:14:17.974" endtime="20200512 21:14:18.125"></status>
</kw>
<kw name="Input Text" library="SeleniumLibrary">
<doc>Types the given ``text`` into the text field identified by ``locator``.</doc>
<arguments>
<arg>${input_password}</arg>
<arg>${password}</arg>
</arguments>
<msg timestamp="20200512 21:14:18.126" level="INFO">Typing text 'test123' into text field 'id:session_password'.</msg>
<status status="PASS" starttime="20200512 21:14:18.125" endtime="20200512 21:14:18.199"></status>
</kw>
<status status="PASS" starttime="20200512 21:14:17.973" endtime="20200512 21:14:18.199"></status>
</kw>
<kw name="Clicar Botao Login" library="login_page">
<kw name="Click Element" library="SeleniumLibrary">
<doc>Click the element identified by ``locator``.</doc>
<arguments>
<arg>${btn_login}</arg>
</arguments>
<msg timestamp="20200512 21:14:18.200" level="INFO">Clicking element 'xpath://input[@name="commit"]'.</msg>
<status status="PASS" starttime="20200512 21:14:18.200" endtime="20200512 21:14:19.805"></status>
</kw>
<status status="PASS" starttime="20200512 21:14:18.199" endtime="20200512 21:14:19.805"></status>
</kw>
<kw name="Go To" library="SeleniumLibrary">
<doc>Navigates the current browser window to the provided ``url``.</doc>
<arguments>
<arg>${URL_SETTINGS}users/${id_user}/edit</arg>
</arguments>
<msg timestamp="20200512 21:14:19.806" level="INFO">Opening url 'https://positiveness.herokuapp.com/users/106/edit'</msg>
<status status="PASS" starttime="20200512 21:14:19.806" endtime="20200512 21:14:19.974"></status>
</kw>
<status status="PASS" starttime="20200512 21:14:14.742" endtime="20200512 21:14:19.975"></status>
</kw>
<kw name="Tento alterar user com dados &quot; &quot;, &quot; &quot;, &quot; &quot;, &quot; &quot;" library="settings_steps">
<kw name="Teste" library="settings_page">
<arguments>
<arg>${name}</arg>
<arg>${email}</arg>
<arg>${password}</arg>
<arg>${password_confirmation}</arg>
</arguments>
<kw name="Input Text" library="SeleniumLibrary">
<doc>Types the given ``text`` into the text field identified by ``locator``.</doc>
<arguments>
<arg>${settings_input_name}</arg>
<arg>${name}</arg>
</arguments>
<msg timestamp="20200512 21:14:19.977" level="INFO">Typing text ' ' into text field 'id:user_name'.</msg>
<status status="PASS" starttime="20200512 21:14:19.976" endtime="20200512 21:14:20.062"></status>
</kw>
<kw name="Input Text" library="SeleniumLibrary">
<doc>Types the given ``text`` into the text field identified by ``locator``.</doc>
<arguments>
<arg>${settings_input_email}</arg>
<arg>${email}</arg>
</arguments>
<msg timestamp="20200512 21:14:20.062" level="INFO">Typing text ' ' into text field 'id:user_email'.</msg>
<status status="PASS" starttime="20200512 21:14:20.062" endtime="20200512 21:14:20.129"></status>
</kw>
<kw name="Input Text" library="SeleniumLibrary">
<doc>Types the given ``text`` into the text field identified by ``locator``.</doc>
<arguments>
<arg>${settings_input_password}</arg>
<arg>${password}</arg>
</arguments>
<msg timestamp="20200512 21:14:20.130" level="INFO">Typing text ' ' into text field 'id:user_password'.</msg>
<status status="PASS" starttime="20200512 21:14:20.129" endtime="20200512 21:14:20.192"></status>
</kw>
<kw name="Input Text" library="SeleniumLibrary">
<doc>Types the given ``text`` into the text field identified by ``locator``.</doc>
<arguments>
<arg>${settings_input_password_confirmation}</arg>
<arg>${password_confirmation}</arg>
</arguments>
<msg timestamp="20200512 21:14:20.193" level="INFO">Typing text ' ' into text field 'id:user_password_confirmation'.</msg>
<status status="PASS" starttime="20200512 21:14:20.192" endtime="20200512 21:14:20.250"></status>
</kw>
<status status="PASS" starttime="20200512 21:14:19.976" endtime="20200512 21:14:20.251"></status>
</kw>
<kw name="Clicar botao Save Changes" library="settings_page">
<kw name="Click Element" library="SeleniumLibrary">
<doc>Click the element identified by ``locator``.</doc>
<arguments>
<arg>${settings_btn_save_changes}</arg>
</arguments>
<msg timestamp="20200512 21:14:20.251" level="INFO">Clicking element 'name:commit'.</msg>
<status status="PASS" starttime="20200512 21:14:20.251" endtime="20200512 21:14:20.768"></status>
</kw>
<status status="PASS" starttime="20200512 21:14:20.251" endtime="20200512 21:14:20.768"></status>
</kw>
<status status="PASS" starttime="20200512 21:14:19.975" endtime="20200512 21:14:20.768"></status>
</kw>
<kw name="Devo ver mensagem &quot;Name não pode ficar em branco&quot;" library="settings_steps">
<kw name="Page Should Contain" library="SeleniumLibrary">
<doc>Verifies that current page contains ``text``.</doc>
<arguments>
<arg>${mensagem}</arg>
</arguments>
<msg timestamp="20200512 21:14:20.793" level="INFO">Current page contains text 'Name não pode ficar em branco'.</msg>
<status status="PASS" starttime="20200512 21:14:20.770" endtime="20200512 21:14:20.793"></status>
</kw>
<status status="PASS" starttime="20200512 21:14:20.769" endtime="20200512 21:14:20.793"></status>
</kw>
<kw name="Devo ver mensagem &quot;Email não pode ficar em branco&quot;" library="settings_steps">
<kw name="Page Should Contain" library="SeleniumLibrary">
<doc>Verifies that current page contains ``text``.</doc>
<arguments>
<arg>${mensagem}</arg>
</arguments>
<msg timestamp="20200512 21:14:20.814" level="INFO">Current page contains text 'Email não pode ficar em branco'.</msg>
<status status="PASS" starttime="20200512 21:14:20.794" endtime="20200512 21:14:20.814"></status>
</kw>
<status status="PASS" starttime="20200512 21:14:20.793" endtime="20200512 21:14:20.814"></status>
</kw>
<kw name="Devo ver mensagem &quot;Password não pode ficar em branco&quot;" library="settings_steps">
<kw name="Page Should Contain" library="SeleniumLibrary">
<doc>Verifies that current page contains ``text``.</doc>
<arguments>
<arg>${mensagem}</arg>
</arguments>
<msg timestamp="20200512 21:14:20.830" level="INFO">Current page contains text 'Password não pode ficar em branco'.</msg>
<status status="PASS" starttime="20200512 21:14:20.815" endtime="20200512 21:14:20.830"></status>
</kw>
<status status="PASS" starttime="20200512 21:14:20.815" endtime="20200512 21:14:20.830"></status>
</kw>
<kw name="Devo ver mensagem &quot;Password confirmation não pode ficar em branco&quot;" library="settings_steps">
<kw name="Page Should Contain" library="SeleniumLibrary">
<doc>Verifies that current page contains ``text``.</doc>
<arguments>
<arg>${mensagem}</arg>
</arguments>
<kw name="Capture Page Screenshot" library="SeleniumLibrary">
<doc>Takes a screenshot of the current page and embeds it into a log file.</doc>
<msg timestamp="20200512 21:14:21.279" level="INFO" html="yes">&lt;/td&gt;&lt;/tr&gt;&lt;tr&gt;&lt;td colspan="3"&gt;&lt;a href="selenium-screenshot-248.png"&gt;&lt;img src="selenium-screenshot-248.png" width="800px"&gt;&lt;/a&gt;</msg>
<status status="PASS" starttime="20200512 21:14:20.858" endtime="20200512 21:14:21.280"></status>
</kw>
<msg timestamp="20200512 21:14:21.283" level="FAIL">Page should have contained text 'Password confirmation não pode ficar em branco' but did not.</msg>
<status status="FAIL" starttime="20200512 21:14:20.831" endtime="20200512 21:14:21.283"></status>
</kw>
<status status="FAIL" starttime="20200512 21:14:20.831" endtime="20200512 21:14:21.283"></status>
</kw>
<kw name="Fechando browser" library="settings_steps" type="teardown">
<kw name="Close Browser" library="SeleniumLibrary">
<doc>Closes the current browser.</doc>
<status status="PASS" starttime="20200512 21:14:21.284" endtime="20200512 21:14:21.374"></status>
</kw>
<status status="PASS" starttime="20200512 21:14:21.284" endtime="20200512 21:14:21.374"></status>
</kw>
<status status="FAIL" starttime="20200512 21:14:14.741" endtime="20200512 21:14:21.375" critical="yes">Page should have contained text 'Password confirmation não pode ficar em branco' but did not.</status>
</test>
<test id="s1-t2" name="Tentar salvar dados com email invalido">
<kw name="Abrindo browser e logando com usuario &quot;test@test.com&quot; &quot;test123&quot;, &quot;106&quot;" library="settings_steps" type="setup">
<kw name="Open Browser" library="SeleniumLibrary">
<doc>Opens a new browser instance to the optional ``url``.</doc>
<arguments>
<arg>${URL_LOGIN}</arg>
<arg>${BROWSER}</arg>
</arguments>
<msg timestamp="20200512 21:14:21.381" level="INFO">Opening browser 'Chrome' to base url 'https://positiveness.herokuapp.com/login'.</msg>
<status status="PASS" starttime="20200512 21:14:21.379" endtime="20200512 21:14:25.100"></status>
</kw>
<kw name="Preencher Dados Login" library="login_page">
<arguments>
<arg>${email}</arg>
<arg>${password}</arg>
</arguments>
<kw name="Input Text" library="SeleniumLibrary">
<doc>Types the given ``text`` into the text field identified by ``locator``.</doc>
<arguments>
<arg>${input_email}</arg>
<arg>${email}</arg>
</arguments>
<msg timestamp="20200512 21:14:25.102" level="INFO">Typing text 'test@test.com' into text field 'xpath://*[@id="session_email"]'.</msg>
<status status="PASS" starttime="20200512 21:14:25.101" endtime="20200512 21:14:25.238"></status>
</kw>
<kw name="Input Text" library="SeleniumLibrary">
<doc>Types the given ``text`` into the text field identified by ``locator``.</doc>
<arguments>
<arg>${input_password}</arg>
<arg>${password}</arg>
</arguments>
<msg timestamp="20200512 21:14:25.239" level="INFO">Typing text 'test123' into text field 'id:session_password'.</msg>
<status status="PASS" starttime="20200512 21:14:25.238" endtime="20200512 21:14:25.320"></status>
</kw>
<status status="PASS" starttime="20200512 21:14:25.100" endtime="20200512 21:14:25.321"></status>
</kw>
<kw name="Clicar Botao Login" library="login_page">
<kw name="Click Element" library="SeleniumLibrary">
<doc>Click the element identified by ``locator``.</doc>
<arguments>
<arg>${btn_login}</arg>
</arguments>
<msg timestamp="20200512 21:14:25.321" level="INFO">Clicking element 'xpath://input[@name="commit"]'.</msg>
<status status="PASS" starttime="20200512 21:14:25.321" endtime="20200512 21:14:26.568"></status>
</kw>
<status status="PASS" starttime="20200512 21:14:25.321" endtime="20200512 21:14:26.568"></status>
</kw>
<kw name="Go To" library="SeleniumLibrary">
<doc>Navigates the current browser window to the provided ``url``.</doc>
<arguments>
<arg>${URL_SETTINGS}users/${id_user}/edit</arg>
</arguments>
<msg timestamp="20200512 21:14:26.569" level="INFO">Opening url 'https://positiveness.herokuapp.com/users/106/edit'</msg>
<status status="PASS" starttime="20200512 21:14:26.569" endtime="20200512 21:14:26.740"></status>
</kw>
<status status="PASS" starttime="20200512 21:14:21.377" endtime="20200512 21:14:26.740"></status>
</kw>
<kw name="Preenchimento de email invalido">
<arguments>
<arg>vitorsantana@robotcom</arg>
</arguments>
<kw name="Tento alterar user com dados &quot;Rails Test&quot;, &quot;${EMAIL}&quot;, &quot;test123&quot;, &quot;test123&quot;" library="settings_steps">
<kw name="Teste" library="settings_page">
<arguments>
<arg>${name}</arg>
<arg>${email}</arg>
<arg>${password}</arg>
<arg>${password_confirmation}</arg>
</arguments>
<kw name="Input Text" library="SeleniumLibrary">
<doc>Types the given ``text`` into the text field identified by ``locator``.</doc>
<arguments>
<arg>${settings_input_name}</arg>
<arg>${name}</arg>
</arguments>
<msg timestamp="20200512 21:14:26.744" level="INFO">Typing text 'Rails Test' into text field 'id:user_name'.</msg>
<status status="PASS" starttime="20200512 21:14:26.743" endtime="20200512 21:14:26.857"></status>
</kw>
<kw name="Input Text" library="SeleniumLibrary">
<doc>Types the given ``text`` into the text field identified by ``locator``.</doc>
<arguments>
<arg>${settings_input_email}</arg>
<arg>${email}</arg>
</arguments>
<msg timestamp="20200512 21:14:26.858" level="INFO">Typing text 'vitorsantana@robotcom' into text field 'id:user_email'.</msg>
<status status="PASS" starttime="20200512 21:14:26.857" endtime="20200512 21:14:26.986"></status>
</kw>
<kw name="Input Text" library="SeleniumLibrary">
<doc>Types the given ``text`` into the text field identified by ``locator``.</doc>
<arguments>
<arg>${settings_input_password}</arg>
<arg>${password}</arg>
</arguments>
<msg timestamp="20200512 21:14:26.987" level="INFO">Typing text 'test123' into text field 'id:user_password'.</msg>
<status status="PASS" starttime="20200512 21:14:26.987" endtime="20200512 21:14:27.065"></status>
</kw>
<kw name="Input Text" library="SeleniumLibrary">
<doc>Types the given ``text`` into the text field identified by ``locator``.</doc>
<arguments>
<arg>${settings_input_password_confirmation}</arg>
<arg>${password_confirmation}</arg>
</arguments>
<msg timestamp="20200512 21:14:27.066" level="INFO">Typing text 'test123' into text field 'id:user_password_confirmation'.</msg>
<status status="PASS" starttime="20200512 21:14:27.065" endtime="20200512 21:14:27.141"></status>
</kw>
<status status="PASS" starttime="20200512 21:14:26.742" endtime="20200512 21:14:27.141"></status>
</kw>
<kw name="Clicar botao Save Changes" library="settings_page">
<kw name="Click Element" library="SeleniumLibrary">
<doc>Click the element identified by ``locator``.</doc>
<arguments>
<arg>${settings_btn_save_changes}</arg>
</arguments>
<msg timestamp="20200512 21:14:27.141" level="INFO">Clicking element 'name:commit'.</msg>
<status status="PASS" starttime="20200512 21:14:27.141" endtime="20200512 21:14:27.766"></status>
</kw>
<status status="PASS" starttime="20200512 21:14:27.141" endtime="20200512 21:14:27.766"></status>
</kw>
<status status="PASS" starttime="20200512 21:14:26.741" endtime="20200512 21:14:27.767"></status>
</kw>
<kw name="Devo ver mensagem &quot;Email não é válido&quot;" library="settings_steps">
<kw name="Page Should Contain" library="SeleniumLibrary">
<doc>Verifies that current page contains ``text``.</doc>
<arguments>
<arg>${mensagem}</arg>
</arguments>
<msg timestamp="20200512 21:14:27.782" level="INFO">Current page contains text 'Email não é válido'.</msg>
<status status="PASS" starttime="20200512 21:14:27.767" endtime="20200512 21:14:27.782"></status>
</kw>
<status status="PASS" starttime="20200512 21:14:27.767" endtime="20200512 21:14:27.782"></status>
</kw>
<status status="PASS" starttime="20200512 21:14:26.740" endtime="20200512 21:14:27.782"></status>
</kw>
<kw name="Preenchimento de email invalido">
<arguments>
<arg>vitorsantana.robot.com</arg>
</arguments>
<kw name="Tento alterar user com dados &quot;Rails Test&quot;, &quot;${EMAIL}&quot;, &quot;test123&quot;, &quot;test123&quot;" library="settings_steps">
<kw name="Teste" library="settings_page">
<arguments>
<arg>${name}</arg>
<arg>${email}</arg>
<arg>${password}</arg>
<arg>${password_confirmation}</arg>
</arguments>
<kw name="Input Text" library="SeleniumLibrary">
<doc>Types the given ``text`` into the text field identified by ``locator``.</doc>
<arguments>
<arg>${settings_input_name}</arg>
<arg>${name}</arg>
</arguments>
<msg timestamp="20200512 21:14:27.786" level="INFO">Typing text 'Rails Test' into text field 'id:user_name'.</msg>
<status status="PASS" starttime="20200512 21:14:27.785" endtime="20200512 21:14:27.882"></status>
</kw>
<kw name="Input Text" library="SeleniumLibrary">
<doc>Types the given ``text`` into the text field identified by ``locator``.</doc>
<arguments>
<arg>${settings_input_email}</arg>
<arg>${email}</arg>
</arguments>
<msg timestamp="20200512 21:14:27.882" level="INFO">Typing text 'vitorsantana.robot.com' into text field 'id:user_email'.</msg>
<status status="PASS" starttime="20200512 21:14:27.882" endtime="20200512 21:14:28.003"></status>
</kw>
<kw name="Input Text" library="SeleniumLibrary">
<doc>Types the given ``text`` into the text field identified by ``locator``.</doc>
<arguments>
<arg>${settings_input_password}</arg>
<arg>${password}</arg>
</arguments>
<msg timestamp="20200512 21:14:28.003" level="INFO">Typing text 'test123' into text field 'id:user_password'.</msg>
<status status="PASS" starttime="20200512 21:14:28.003" endtime="20200512 21:14:28.075"></status>
</kw>
<kw name="Input Text" library="SeleniumLibrary">
<doc>Types the given ``text`` into the text field identified by ``locator``.</doc>
<arguments>
<arg>${settings_input_password_confirmation}</arg>
<arg>${password_confirmation}</arg>
</arguments>
<msg timestamp="20200512 21:14:28.076" level="INFO">Typing text 'test123' into text field 'id:user_password_confirmation'.</msg>
<status status="PASS" starttime="20200512 21:14:28.075" endtime="20200512 21:14:28.149"></status>
</kw>
<status status="PASS" starttime="20200512 21:14:27.784" endtime="20200512 21:14:28.149"></status>
</kw>
<kw name="Clicar botao Save Changes" library="settings_page">
<kw name="Click Element" library="SeleniumLibrary">
<doc>Click the element identified by ``locator``.</doc>
<arguments>
<arg>${settings_btn_save_changes}</arg>
</arguments>
<msg timestamp="20200512 21:14:28.150" level="INFO">Clicking element 'name:commit'.</msg>
<status status="PASS" starttime="20200512 21:14:28.149" endtime="20200512 21:14:28.220"></status>
</kw>
<status status="PASS" starttime="20200512 21:14:28.149" endtime="20200512 21:14:28.220"></status>
</kw>
<status status="PASS" starttime="20200512 21:14:27.783" endtime="20200512 21:14:28.221"></status>
</kw>
<kw name="Devo ver mensagem &quot;Email não é válido&quot;" library="settings_steps">
<kw name="Page Should Contain" library="SeleniumLibrary">
<doc>Verifies that current page contains ``text``.</doc>
<arguments>
<arg>${mensagem}</arg>
</arguments>
<msg timestamp="20200512 21:14:28.241" level="INFO">Current page contains text 'Email não é válido'.</msg>
<status status="PASS" starttime="20200512 21:14:28.222" endtime="20200512 21:14:28.241"></status>
</kw>
<status status="PASS" starttime="20200512 21:14:28.221" endtime="20200512 21:14:28.242"></status>
</kw>
<status status="PASS" starttime="20200512 21:14:27.783" endtime="20200512 21:14:28.243"></status>
</kw>
<kw name="Preenchimento de email invalido">
<arguments>
<arg>545454545454545465667</arg>
</arguments>
<kw name="Tento alterar user com dados &quot;Rails Test&quot;, &quot;${EMAIL}&quot;, &quot;test123&quot;, &quot;test123&quot;" library="settings_steps">
<kw name="Teste" library="settings_page">
<arguments>
<arg>${name}</arg>
<arg>${email}</arg>
<arg>${password}</arg>
<arg>${password_confirmation}</arg>
</arguments>
<kw name="Input Text" library="SeleniumLibrary">
<doc>Types the given ``text`` into the text field identified by ``locator``.</doc>
<arguments>
<arg>${settings_input_name}</arg>
<arg>${name}</arg>
</arguments>
<msg timestamp="20200512 21:14:28.249" level="INFO">Typing text 'Rails Test' into text field 'id:user_name'.</msg>
<status status="PASS" starttime="20200512 21:14:28.249" endtime="20200512 21:14:28.374"></status>
</kw>
<kw name="Input Text" library="SeleniumLibrary">
<doc>Types the given ``text`` into the text field identified by ``locator``.</doc>
<arguments>
<arg>${settings_input_email}</arg>
<arg>${email}</arg>
</arguments>
<msg timestamp="20200512 21:14:28.375" level="INFO">Typing text '545454545454545465667' into text field 'id:user_email'.</msg>
<status status="PASS" starttime="20200512 21:14:28.374" endtime="20200512 21:14:28.525"></status>
</kw>
<kw name="Input Text" library="SeleniumLibrary">
<doc>Types the given ``text`` into the text field identified by ``locator``.</doc>
<arguments>
<arg>${settings_input_password}</arg>
<arg>${password}</arg>
</arguments>
<msg timestamp="20200512 21:14:28.527" level="INFO">Typing text 'test123' into text field 'id:user_password'.</msg>
<status status="PASS" starttime="20200512 21:14:28.526" endtime="20200512 21:14:28.604"></status>
</kw>
<kw name="Input Text" library="SeleniumLibrary">
<doc>Types the given ``text`` into the text field identified by ``locator``.</doc>
<arguments>
<arg>${settings_input_password_confirmation}</arg>
<arg>${password_confirmation}</arg>
</arguments>
<msg timestamp="20200512 21:14:28.605" level="INFO">Typing text 'test123' into text field 'id:user_password_confirmation'.</msg>
<status status="PASS" starttime="20200512 21:14:28.604" endtime="20200512 21:14:28.671"></status>
</kw>
<status status="PASS" starttime="20200512 21:14:28.247" endtime="20200512 21:14:28.671"></status>
</kw>
<kw name="Clicar botao Save Changes" library="settings_page">
<kw name="Click Element" library="SeleniumLibrary">
<doc>Click the element identified by ``locator``.</doc>
<arguments>
<arg>${settings_btn_save_changes}</arg>
</arguments>
<msg timestamp="20200512 21:14:28.672" level="INFO">Clicking element 'name:commit'.</msg>
<status status="PASS" starttime="20200512 21:14:28.672" endtime="20200512 21:14:28.721"></status>
</kw>
<status status="PASS" starttime="20200512 21:14:28.671" endtime="20200512 21:14:28.721"></status>
</kw>
<status status="PASS" starttime="20200512 21:14:28.246" endtime="20200512 21:14:28.721"></status>
</kw>
<kw name="Devo ver mensagem &quot;Email não é válido&quot;" library="settings_steps">
<kw name="Page Should Contain" library="SeleniumLibrary">
<doc>Verifies that current page contains ``text``.</doc>
<arguments>
<arg>${mensagem}</arg>
</arguments>
<msg timestamp="20200512 21:14:28.731" level="INFO">Current page contains text 'Email não é válido'.</msg>
<status status="PASS" starttime="20200512 21:14:28.722" endtime="20200512 21:14:28.732"></status>
</kw>
<status status="PASS" starttime="20200512 21:14:28.721" endtime="20200512 21:14:28.732"></status>
</kw>
<status status="PASS" starttime="20200512 21:14:28.243" endtime="20200512 21:14:28.732"></status>
</kw>
<kw name="Preenchimento de email invalido">
<arguments>
<arg>@robot.com</arg>
</arguments>
<kw name="Tento alterar user com dados &quot;Rails Test&quot;, &quot;${EMAIL}&quot;, &quot;test123&quot;, &quot;test123&quot;" library="settings_steps">
<kw name="Teste" library="settings_page">
<arguments>
<arg>${name}</arg>
<arg>${email}</arg>
<arg>${password}</arg>
<arg>${password_confirmation}</arg>
</arguments>
<kw name="Input Text" library="SeleniumLibrary">
<doc>Types the given ``text`` into the text field identified by ``locator``.</doc>
<arguments>
<arg>${settings_input_name}</arg>
<arg>${name}</arg>
</arguments>
<msg timestamp="20200512 21:14:28.734" level="INFO">Typing text 'Rails Test' into text field 'id:user_name'.</msg>
<status status="PASS" starttime="20200512 21:14:28.734" endtime="20200512 21:14:28.832"></status>
</kw>
<kw name="Input Text" library="SeleniumLibrary">
<doc>Types the given ``text`` into the text field identified by ``locator``.</doc>
<arguments>
<arg>${settings_input_email}</arg>
<arg>${email}</arg>
</arguments>
<msg timestamp="20200512 21:14:28.832" level="INFO">Typing text '@robot.com' into text field 'id:user_email'.</msg>
<status status="PASS" starttime="20200512 21:14:28.832" endtime="20200512 21:14:28.905"></status>
</kw>
<kw name="Input Text" library="SeleniumLibrary">
<doc>Types the given ``text`` into the text field identified by ``locator``.</doc>
<arguments>
<arg>${settings_input_password}</arg>
<arg>${password}</arg>
</arguments>
<msg timestamp="20200512 21:14:28.906" level="INFO">Typing text 'test123' into text field 'id:user_password'.</msg>
<status status="PASS" starttime="20200512 21:14:28.905" endtime="20200512 21:14:28.971"></status>
</kw>
<kw name="Input Text" library="SeleniumLibrary">
<doc>Types the given ``text`` into the text field identified by ``locator``.</doc>
<arguments>
<arg>${settings_input_password_confirmation}</arg>
<arg>${password_confirmation}</arg>
</arguments>
<msg timestamp="20200512 21:14:28.972" level="INFO">Typing text 'test123' into text field 'id:user_password_confirmation'.</msg>
<status status="PASS" starttime="20200512 21:14:28.972" endtime="20200512 21:14:29.036"></status>
</kw>
<status status="PASS" starttime="20200512 21:14:28.733" endtime="20200512 21:14:29.036"></status>
</kw>
<kw name="Clicar botao Save Changes" library="settings_page">
<kw name="Click Element" library="SeleniumLibrary">
<doc>Click the element identified by ``locator``.</doc>
<arguments>
<arg>${settings_btn_save_changes}</arg>
</arguments>
<msg timestamp="20200512 21:14:29.037" level="INFO">Clicking element 'name:commit'.</msg>
<status status="PASS" starttime="20200512 21:14:29.037" endtime="20200512 21:14:29.070"></status>
</kw>
<status status="PASS" starttime="20200512 21:14:29.037" endtime="20200512 21:14:29.070"></status>
</kw>
<status status="PASS" starttime="20200512 21:14:28.733" endtime="20200512 21:14:29.070"></status>
</kw>
<kw name="Devo ver mensagem &quot;Email não é válido&quot;" library="settings_steps">
<kw name="Page Should Contain" library="SeleniumLibrary">
<doc>Verifies that current page contains ``text``.</doc>
<arguments>
<arg>${mensagem}</arg>
</arguments>
<msg timestamp="20200512 21:14:29.081" level="INFO">Current page contains text 'Email não é válido'.</msg>
<status status="PASS" starttime="20200512 21:14:29.071" endtime="20200512 21:14:29.082"></status>
</kw>
<status status="PASS" starttime="20200512 21:14:29.070" endtime="20200512 21:14:29.082"></status>
</kw>
<status status="PASS" starttime="20200512 21:14:28.732" endtime="20200512 21:14:29.082"></status>
</kw>
<kw name="Fechando browser" library="settings_steps" type="teardown">
<kw name="Close Browser" library="SeleniumLibrary">
<doc>Closes the current browser.</doc>
<status status="PASS" starttime="20200512 21:14:29.084" endtime="20200512 21:14:29.206"></status>
</kw>
<status status="PASS" starttime="20200512 21:14:29.083" endtime="20200512 21:14:29.206"></status>
</kw>
<status status="PASS" starttime="20200512 21:14:21.376" endtime="20200512 21:14:29.206" critical="yes"></status>
</test>
<test id="s1-t3" name="Tentar salvar com senhas invalidas">
<kw name="Abrindo browser e logando com usuario &quot;test@test.com&quot; &quot;test123&quot;, &quot;106&quot;" library="settings_steps" type="setup">
<kw name="Open Browser" library="SeleniumLibrary">
<doc>Opens a new browser instance to the optional ``url``.</doc>
<arguments>
<arg>${URL_LOGIN}</arg>
<arg>${BROWSER}</arg>
</arguments>
<msg timestamp="20200512 21:14:29.210" level="INFO">Opening browser 'Chrome' to base url 'https://positiveness.herokuapp.com/login'.</msg>
<status status="PASS" starttime="20200512 21:14:29.210" endtime="20200512 21:14:32.353"></status>
</kw>
<kw name="Preencher Dados Login" library="login_page">
<arguments>
<arg>${email}</arg>
<arg>${password}</arg>
</arguments>
<kw name="Input Text" library="SeleniumLibrary">
<doc>Types the given ``text`` into the text field identified by ``locator``.</doc>
<arguments>
<arg>${input_email}</arg>
<arg>${email}</arg>
</arguments>
<msg timestamp="20200512 21:14:32.355" level="INFO">Typing text 'test@test.com' into text field 'xpath://*[@id="session_email"]'.</msg>
<status status="PASS" starttime="20200512 21:14:32.354" endtime="20200512 21:14:32.506"></status>
</kw>
<kw name="Input Text" library="SeleniumLibrary">
<doc>Types the given ``text`` into the text field identified by ``locator``.</doc>
<arguments>
<arg>${input_password}</arg>
<arg>${password}</arg>
</arguments>
<msg timestamp="20200512 21:14:32.507" level="INFO">Typing text 'test123' into text field 'id:session_password'.</msg>
<status status="PASS" starttime="20200512 21:14:32.507" endtime="20200512 21:14:32.583"></status>
</kw>
<status status="PASS" starttime="20200512 21:14:32.354" endtime="20200512 21:14:32.583"></status>
</kw>
<kw name="Clicar Botao Login" library="login_page">
<kw name="Click Element" library="SeleniumLibrary">
<doc>Click the element identified by ``locator``.</doc>
<arguments>
<arg>${btn_login}</arg>
</arguments>
<msg timestamp="20200512 21:14:32.584" level="INFO">Clicking element 'xpath://input[@name="commit"]'.</msg>
<status status="PASS" starttime="20200512 21:14:32.584" endtime="20200512 21:14:34.037"></status>
</kw>
<status status="PASS" starttime="20200512 21:14:32.583" endtime="20200512 21:14:34.038"></status>
</kw>
<kw name="Go To" library="SeleniumLibrary">
<doc>Navigates the current browser window to the provided ``url``.</doc>
<arguments>
<arg>${URL_SETTINGS}users/${id_user}/edit</arg>
</arguments>
<msg timestamp="20200512 21:14:34.039" level="INFO">Opening url 'https://positiveness.herokuapp.com/users/106/edit'</msg>
<status status="PASS" starttime="20200512 21:14:34.039" endtime="20200512 21:14:34.204"></status>
</kw>
<status status="PASS" starttime="20200512 21:14:29.209" endtime="20200512 21:14:34.204"></status>
</kw>
<kw name="Preenchimento de senha invalida">
<arguments>
<arg>12345</arg>
</arguments>
<kw name="Tento alterar user com dados &quot;Rails Test&quot;, &quot;test@test.com&quot;, &quot;${SENHA}&quot;, &quot;${SENHA}&quot;" library="settings_steps">
<kw name="Teste" library="settings_page">
<arguments>
<arg>${name}</arg>
<arg>${email}</arg>
<arg>${password}</arg>
<arg>${password_confirmation}</arg>
</arguments>
<kw name="Input Text" library="SeleniumLibrary">
<doc>Types the given ``text`` into the text field identified by ``locator``.</doc>
<arguments>
<arg>${settings_input_name}</arg>
<arg>${name}</arg>
</arguments>
<msg timestamp="20200512 21:14:34.207" level="INFO">Typing text 'Rails Test' into text field 'id:user_name'.</msg>
<status status="PASS" starttime="20200512 21:14:34.207" endtime="20200512 21:14:34.316"></status>
</kw>
<kw name="Input Text" library="SeleniumLibrary">
<doc>Types the given ``text`` into the text field identified by ``locator``.</doc>
<arguments>
<arg>${settings_input_email}</arg>
<arg>${email}</arg>
</arguments>
<msg timestamp="20200512 21:14:34.316" level="INFO">Typing text 'test@test.com' into text field 'id:user_email'.</msg>
<status status="PASS" starttime="20200512 21:14:34.316" endtime="20200512 21:14:34.410"></status>
</kw>
<kw name="Input Text" library="SeleniumLibrary">
<doc>Types the given ``text`` into the text field identified by ``locator``.</doc>
<arguments>
<arg>${settings_input_password}</arg>
<arg>${password}</arg>
</arguments>
<msg timestamp="20200512 21:14:34.411" level="INFO">Typing text '12345' into text field 'id:user_password'.</msg>
<status status="PASS" starttime="20200512 21:14:34.410" endtime="20200512 21:14:34.489"></status>
</kw>
<kw name="Input Text" library="SeleniumLibrary">
<doc>Types the given ``text`` into the text field identified by ``locator``.</doc>
<arguments>
<arg>${settings_input_password_confirmation}</arg>
<arg>${password_confirmation}</arg>
</arguments>
<msg timestamp="20200512 21:14:34.490" level="INFO">Typing text '12345' into text field 'id:user_password_confirmation'.</msg>
<status status="PASS" starttime="20200512 21:14:34.490" endtime="20200512 21:14:34.562"></status>
</kw>
<status status="PASS" starttime="20200512 21:14:34.206" endtime="20200512 21:14:34.562"></status>
</kw>
<kw name="Clicar botao Save Changes" library="settings_page">
<kw name="Click Element" library="SeleniumLibrary">
<doc>Click the element identified by ``locator``.</doc>
<arguments>
<arg>${settings_btn_save_changes}</arg>
</arguments>
<msg timestamp="20200512 21:14:34.562" level="INFO">Clicking element 'name:commit'.</msg>
<status status="PASS" starttime="20200512 21:14:34.562" endtime="20200512 21:14:34.866"></status>
</kw>
<status status="PASS" starttime="20200512 21:14:34.562" endtime="20200512 21:14:34.866"></status>
</kw>
<status status="PASS" starttime="20200512 21:14:34.205" endtime="20200512 21:14:34.866"></status>
</kw>
<kw name="Devo ver mensagem &quot;Password é muito curto (mínimo: 6 caracteres)&quot;" library="settings_steps">
<kw name="Page Should Contain" library="SeleniumLibrary">
<doc>Verifies that current page contains ``text``.</doc>
<arguments>
<arg>${mensagem}</arg>
</arguments>
<msg timestamp="20200512 21:14:34.880" level="INFO">Current page contains text 'Password é muito curto (mínimo: 6 caracteres)'.</msg>
<status status="PASS" starttime="20200512 21:14:34.867" endtime="20200512 21:14:34.880"></status>
</kw>
<status status="PASS" starttime="20200512 21:14:34.866" endtime="20200512 21:14:34.880"></status>
</kw>
<status status="PASS" starttime="20200512 21:14:34.204" endtime="20200512 21:14:34.880"></status>
</kw>
<kw name="Preenchimento de senha invalida">
<arguments>
<arg>abcde</arg>
</arguments>
<kw name="Tento alterar user com dados &quot;Rails Test&quot;, &quot;test@test.com&quot;, &quot;${SENHA}&quot;, &quot;${SENHA}&quot;" library="settings_steps">
<kw name="Teste" library="settings_page">
<arguments>
<arg>${name}</arg>
<arg>${email}</arg>
<arg>${password}</arg>
<arg>${password_confirmation}</arg>
</arguments>
<kw name="Input Text" library="SeleniumLibrary">
<doc>Types the given ``text`` into the text field identified by ``locator``.</doc>
<arguments>
<arg>${settings_input_name}</arg>
<arg>${name}</arg>
</arguments>
<msg timestamp="20200512 21:14:34.886" level="INFO">Typing text 'Rails Test' into text field 'id:user_name'.</msg>
<status status="PASS" starttime="20200512 21:14:34.886" endtime="20200512 21:14:34.994"></status>
</kw>
<kw name="Input Text" library="SeleniumLibrary">
<doc>Types the given ``text`` into the text field identified by ``locator``.</doc>
<arguments>
<arg>${settings_input_email}</arg>
<arg>${email}</arg>
</arguments>
<msg timestamp="20200512 21:14:34.995" level="INFO">Typing text 'test@test.com' into text field 'id:user_email'.</msg>
<status status="PASS" starttime="20200512 21:14:34.995" endtime="20200512 21:14:35.091"></status>
</kw>
<kw name="Input Text" library="SeleniumLibrary">
<doc>Types the given ``text`` into the text field identified by ``locator``.</doc>
<arguments>
<arg>${settings_input_password}</arg>
<arg>${password}</arg>
</arguments>
<msg timestamp="20200512 21:14:35.092" level="INFO">Typing text 'abcde' into text field 'id:user_password'.</msg>
<status status="PASS" starttime="20200512 21:14:35.091" endtime="20200512 21:14:35.162"></status>
</kw>
<kw name="Input Text" library="SeleniumLibrary">
<doc>Types the given ``text`` into the text field identified by ``locator``.</doc>
<arguments>
<arg>${settings_input_password_confirmation}</arg>
<arg>${password_confirmation}</arg>
</arguments>
<msg timestamp="20200512 21:14:35.163" level="INFO">Typing text 'abcde' into text field 'id:user_password_confirmation'.</msg>
<status status="PASS" starttime="20200512 21:14:35.163" endtime="20200512 21:14:35.229"></status>
</kw>
<status status="PASS" starttime="20200512 21:14:34.883" endtime="20200512 21:14:35.229"></status>
</kw>
<kw name="Clicar botao Save Changes" library="settings_page">
<kw name="Click Element" library="SeleniumLibrary">
<doc>Click the element identified by ``locator``.</doc>
<arguments>
<arg>${settings_btn_save_changes}</arg>
</arguments>
<msg timestamp="20200512 21:14:35.230" level="INFO">Clicking element 'name:commit'.</msg>
<status status="PASS" starttime="20200512 21:14:35.229" endtime="20200512 21:14:35.533"></status>
</kw>
<status status="PASS" starttime="20200512 21:14:35.229" endtime="20200512 21:14:35.534"></status>
</kw>
<status status="PASS" starttime="20200512 21:14:34.882" endtime="20200512 21:14:35.534"></status>
</kw>
<kw name="Devo ver mensagem &quot;Password é muito curto (mínimo: 6 caracteres)&quot;" library="settings_steps">
<kw name="Page Should Contain" library="SeleniumLibrary">
<doc>Verifies that current page contains ``text``.</doc>
<arguments>
<arg>${mensagem}</arg>
</arguments>
<msg timestamp="20200512 21:14:35.547" level="INFO">Current page contains text 'Password é muito curto (mínimo: 6 caracteres)'.</msg>
<status status="PASS" starttime="20200512 21:14:35.534" endtime="20200512 21:14:35.547"></status>
</kw>
<status status="PASS" starttime="20200512 21:14:35.534" endtime="20200512 21:14:35.547"></status>
</kw>
<status status="PASS" starttime="20200512 21:14:34.881" endtime="20200512 21:14:35.548"></status>
</kw>
<kw name="Preenchimento de senha invalida">
<arguments>
<arg>@#$%ˆ</arg>
</arguments>
<kw name="Tento alterar user com dados &quot;Rails Test&quot;, &quot;test@test.com&quot;, &quot;${SENHA}&quot;, &quot;${SENHA}&quot;" library="settings_steps">
<kw name="Teste" library="settings_page">
<arguments>
<arg>${name}</arg>
<arg>${email}</arg>
<arg>${password}</arg>
<arg>${password_confirmation}</arg>
</arguments>
<kw name="Input Text" library="SeleniumLibrary">
<doc>Types the given ``text`` into the text field identified by ``locator``.</doc>
<arguments>
<arg>${settings_input_name}</arg>
<arg>${name}</arg>
</arguments>
<msg timestamp="20200512 21:14:35.550" level="INFO">Typing text 'Rails Test' into text field 'id:user_name'.</msg>
<status status="PASS" starttime="20200512 21:14:35.549" endtime="20200512 21:14:35.652"></status>
</kw>
<kw name="Input Text" library="SeleniumLibrary">
<doc>Types the given ``text`` into the text field identified by ``locator``.</doc>
<arguments>
<arg>${settings_input_email}</arg>
<arg>${email}</arg>
</arguments>
<msg timestamp="20200512 21:14:35.652" level="INFO">Typing text 'test@test.com' into text field 'id:user_email'.</msg>
<status status="PASS" starttime="20200512 21:14:35.652" endtime="20200512 21:14:35.746"></status>
</kw>
<kw name="Input Text" library="SeleniumLibrary">
<doc>Types the given ``text`` into the text field identified by ``locator``.</doc>
<arguments>
<arg>${settings_input_password}</arg>
<arg>${password}</arg>
</arguments>
<msg timestamp="20200512 21:14:35.747" level="INFO">Typing text '@#$%ˆ' into text field 'id:user_password'.</msg>
<status status="PASS" starttime="20200512 21:14:35.747" endtime="20200512 21:14:35.821"></status>
</kw>
<kw name="Input Text" library="SeleniumLibrary">
<doc>Types the given ``text`` into the text field identified by ``locator``.</doc>
<arguments>
<arg>${settings_input_password_confirmation}</arg>
<arg>${password_confirmation}</arg>
</arguments>
<msg timestamp="20200512 21:14:35.821" level="INFO">Typing text '@#$%ˆ' into text field 'id:user_password_confirmation'.</msg>
<status status="PASS" starttime="20200512 21:14:35.821" endtime="20200512 21:14:35.892"></status>
</kw>
<status status="PASS" starttime="20200512 21:14:35.548" endtime="20200512 21:14:35.892"></status>
</kw>
<kw name="Clicar botao Save Changes" library="settings_page">
<kw name="Click Element" library="SeleniumLibrary">
<doc>Click the element identified by ``locator``.</doc>
<arguments>
<arg>${settings_btn_save_changes}</arg>
</arguments>
<msg timestamp="20200512 21:14:35.893" level="INFO">Clicking element 'name:commit'.</msg>
<status status="PASS" starttime="20200512 21:14:35.893" endtime="20200512 21:14:36.330"></status>
</kw>
<status status="PASS" starttime="20200512 21:14:35.892" endtime="20200512 21:14:36.331"></status>
</kw>
<status status="PASS" starttime="20200512 21:14:35.548" endtime="20200512 21:14:36.331"></status>
</kw>
<kw name="Devo ver mensagem &quot;Password é muito curto (mínimo: 6 caracteres)&quot;" library="settings_steps">
<kw name="Page Should Contain" library="SeleniumLibrary">
<doc>Verifies that current page contains ``text``.</doc>
<arguments>
<arg>${mensagem}</arg>
</arguments>
<msg timestamp="20200512 21:14:36.346" level="INFO">Current page contains text 'Password é muito curto (mínimo: 6 caracteres)'.</msg>
<status status="PASS" starttime="20200512 21:14:36.332" endtime="20200512 21:14:36.346"></status>
</kw>
<status status="PASS" starttime="20200512 21:14:36.331" endtime="20200512 21:14:36.346"></status>
</kw>
<status status="PASS" starttime="20200512 21:14:35.548" endtime="20200512 21:14:36.346"></status>
</kw>
<kw name="Preenchimento de senha invalida">
<arguments>
<arg>1@Ev4</arg>
</arguments>
<kw name="Tento alterar user com dados &quot;Rails Test&quot;, &quot;test@test.com&quot;, &quot;${SENHA}&quot;, &quot;${SENHA}&quot;" library="settings_steps">
<kw name="Teste" library="settings_page">
<arguments>
<arg>${name}</arg>
<arg>${email}</arg>
<arg>${password}</arg>
<arg>${password_confirmation}</arg>
</arguments>
<kw name="Input Text" library="SeleniumLibrary">
<doc>Types the given ``text`` into the text field identified by ``locator``.</doc>
<arguments>
<arg>${settings_input_name}</arg>
<arg>${name}</arg>
</arguments>
<msg timestamp="20200512 21:14:36.351" level="INFO">Typing text 'Rails Test' into text field 'id:user_name'.</msg>
<status status="PASS" starttime="20200512 21:14:36.350" endtime="20200512 21:14:36.445"></status>
</kw>
<kw name="Input Text" library="SeleniumLibrary">
<doc>Types the given ``text`` into the text field identified by ``locator``.</doc>
<arguments>
<arg>${settings_input_email}</arg>
<arg>${email}</arg>
</arguments>
<msg timestamp="20200512 21:14:36.446" level="INFO">Typing text 'test@test.com' into text field 'id:user_email'.</msg>
<status status="PASS" starttime="20200512 21:14:36.446" endtime="20200512 21:14:36.539"></status>
</kw>
<kw name="Input Text" library="SeleniumLibrary">
<doc>Types the given ``text`` into the text field identified by ``locator``.</doc>
<arguments>
<arg>${settings_input_password}</arg>
<arg>${password}</arg>
</arguments>
<msg timestamp="20200512 21:14:36.539" level="INFO">Typing text '1@Ev4' into text field 'id:user_password'.</msg>
<status status="PASS" starttime="20200512 21:14:36.539" endtime="20200512 21:14:36.611"></status>
</kw>
<kw name="Input Text" library="SeleniumLibrary">
<doc>Types the given ``text`` into the text field identified by ``locator``.</doc>
<arguments>
<arg>${settings_input_password_confirmation}</arg>
<arg>${password_confirmation}</arg>
</arguments>
<msg timestamp="20200512 21:14:36.611" level="INFO">Typing text '1@Ev4' into text field 'id:user_password_confirmation'.</msg>
<status status="PASS" starttime="20200512 21:14:36.611" endtime="20200512 21:14:36.681"></status>
</kw>
<status status="PASS" starttime="20200512 21:14:36.349" endtime="20200512 21:14:36.681"></status>
</kw>
<kw name="Clicar botao Save Changes" library="settings_page">
<kw name="Click Element" library="SeleniumLibrary">
<doc>Click the element identified by ``locator``.</doc>
<arguments>
<arg>${settings_btn_save_changes}</arg>
</arguments>
<msg timestamp="20200512 21:14:36.682" level="INFO">Clicking element 'name:commit'.</msg>
<status status="PASS" starttime="20200512 21:14:36.682" endtime="20200512 21:14:37.144"></status>
</kw>
<status status="PASS" starttime="20200512 21:14:36.681" endtime="20200512 21:14:37.144"></status>
</kw>
<status status="PASS" starttime="20200512 21:14:36.348" endtime="20200512 21:14:37.145"></status>
</kw>
<kw name="Devo ver mensagem &quot;Password é muito curto (mínimo: 6 caracteres)&quot;" library="settings_steps">
<kw name="Page Should Contain" library="SeleniumLibrary">
<doc>Verifies that current page contains ``text``.</doc>
<arguments>
<arg>${mensagem}</arg>
</arguments>
<msg timestamp="20200512 21:14:37.161" level="INFO">Current page contains text 'Password é muito curto (mínimo: 6 caracteres)'.</msg>
<status status="PASS" starttime="20200512 21:14:37.146" endtime="20200512 21:14:37.161"></status>
</kw>
<status status="PASS" starttime="20200512 21:14:37.145" endtime="20200512 21:14:37.162"></status>
</kw>
<status status="PASS" starttime="20200512 21:14:36.347" endtime="20200512 21:14:37.162"></status>
</kw>
<kw name="Fechando browser" library="settings_steps" type="teardown">
<kw name="Close Browser" library="SeleniumLibrary">
<doc>Closes the current browser.</doc>
<status status="PASS" starttime="20200512 21:14:37.163" endtime="20200512 21:14:37.244"></status>
</kw>
<status status="PASS" starttime="20200512 21:14:37.162" endtime="20200512 21:14:37.244"></status>
</kw>
<status status="PASS" starttime="20200512 21:14:29.208" endtime="20200512 21:14:37.245" critical="yes"></status>
</test>
<test id="s1-t4" name="Tentar salvar usando dados corretos">
<kw name="Abrindo browser e logando com usuario &quot;test@test.com&quot; &quot;test123&quot;, &quot;106&quot;" library="settings_steps" type="setup">
<kw name="Open Browser" library="SeleniumLibrary">
<doc>Opens a new browser instance to the optional ``url``.</doc>
<arguments>
<arg>${URL_LOGIN}</arg>
<arg>${BROWSER}</arg>
</arguments>
<msg timestamp="20200512 21:14:37.249" level="INFO">Opening browser 'Chrome' to base url 'https://positiveness.herokuapp.com/login'.</msg>
<status status="PASS" starttime="20200512 21:14:37.248" endtime="20200512 21:14:40.664"></status>
</kw>
<kw name="Preencher Dados Login" library="login_page">
<arguments>
<arg>${email}</arg>
<arg>${password}</arg>
</arguments>
<kw name="Input Text" library="SeleniumLibrary">
<doc>Types the given ``text`` into the text field identified by ``locator``.</doc>
<arguments>
<arg>${input_email}</arg>
<arg>${email}</arg>
</arguments>
<msg timestamp="20200512 21:14:40.665" level="INFO">Typing text 'test@test.com' into text field 'xpath://*[@id="session_email"]'.</msg>
<status status="PASS" starttime="20200512 21:14:40.665" endtime="20200512 21:14:40.804"></status>
</kw>
<kw name="Input Text" library="SeleniumLibrary">
<doc>Types the given ``text`` into the text field identified by ``locator``.</doc>
<arguments>
<arg>${input_password}</arg>
<arg>${password}</arg>
</arguments>
<msg timestamp="20200512 21:14:40.805" level="INFO">Typing text 'test123' into text field 'id:session_password'.</msg>
<status status="PASS" starttime="20200512 21:14:40.804" endtime="20200512 21:14:40.884"></status>
</kw>
<status status="PASS" starttime="20200512 21:14:40.664" endtime="20200512 21:14:40.884"></status>
</kw>
<kw name="Clicar Botao Login" library="login_page">
<kw name="Click Element" library="SeleniumLibrary">
<doc>Click the element identified by ``locator``.</doc>
<arguments>
<arg>${btn_login}</arg>
</arguments>
<msg timestamp="20200512 21:14:40.885" level="INFO">Clicking element 'xpath://input[@name="commit"]'.</msg>
<status status="PASS" starttime="20200512 21:14:40.885" endtime="20200512 21:14:41.846"></status>
</kw>
<status status="PASS" starttime="20200512 21:14:40.884" endtime="20200512 21:14:41.846"></status>
</kw>
<kw name="Go To" library="SeleniumLibrary">
<doc>Navigates the current browser window to the provided ``url``.</doc>
<arguments>
<arg>${URL_SETTINGS}users/${id_user}/edit</arg>
</arguments>
<msg timestamp="20200512 21:14:41.847" level="INFO">Opening url 'https://positiveness.herokuapp.com/users/106/edit'</msg>
<status status="PASS" starttime="20200512 21:14:41.847" endtime="20200512 21:14:42.020"></status>
</kw>
<status status="PASS" starttime="20200512 21:14:37.247" endtime="20200512 21:14:42.021"></status>
</kw>
<kw name="Tento alterar user com dados &quot;Rails Test&quot;, &quot;test@test.com&quot;, &quot;test123&quot;, &quot;test123&quot;" library="settings_steps">
<kw name="Teste" library="settings_page">
<arguments>
<arg>${name}</arg>
<arg>${email}</arg>
<arg>${password}</arg>
<arg>${password_confirmation}</arg>
</arguments>
<kw name="Input Text" library="SeleniumLibrary">
<doc>Types the given ``text`` into the text field identified by ``locator``.</doc>
<arguments>
<arg>${settings_input_name}</arg>
<arg>${name}</arg>
</arguments>
<msg timestamp="20200512 21:14:42.023" level="INFO">Typing text 'Rails Test' into text field 'id:user_name'.</msg>
<status status="PASS" starttime="20200512 21:14:42.023" endtime="20200512 21:14:42.138"></status>
</kw>
<kw name="Input Text" library="SeleniumLibrary">
<doc>Types the given ``text`` into the text field identified by ``locator``.</doc>
<arguments>
<arg>${settings_input_email}</arg>
<arg>${email}</arg>
</arguments>
<msg timestamp="20200512 21:14:42.138" level="INFO">Typing text 'test@test.com' into text field 'id:user_email'.</msg>
<status status="PASS" starttime="20200512 21:14:42.138" endtime="20200512 21:14:42.237"></status>
</kw>
<kw name="Input Text" library="SeleniumLibrary">
<doc>Types the given ``text`` into the text field identified by ``locator``.</doc>
<arguments>
<arg>${settings_input_password}</arg>
<arg>${password}</arg>
</arguments>
<msg timestamp="20200512 21:14:42.238" level="INFO">Typing text 'test123' into text field 'id:user_password'.</msg>
<status status="PASS" starttime="20200512 21:14:42.237" endtime="20200512 21:14:42.315"></status>
</kw>
<kw name="Input Text" library="SeleniumLibrary">
<doc>Types the given ``text`` into the text field identified by ``locator``.</doc>
<arguments>
<arg>${settings_input_password_confirmation}</arg>
<arg>${password_confirmation}</arg>
</arguments>
<msg timestamp="20200512 21:14:42.315" level="INFO">Typing text 'test123' into text field 'id:user_password_confirmation'.</msg>
<status status="PASS" starttime="20200512 21:14:42.315" endtime="20200512 21:14:42.388"></status>
</kw>
<status status="PASS" starttime="20200512 21:14:42.022" endtime="20200512 21:14:42.388"></status>
</kw>
<kw name="Clicar botao Save Changes" library="settings_page">
<kw name="Click Element" library="SeleniumLibrary">
<doc>Click the element identified by ``locator``.</doc>
<arguments>
<arg>${settings_btn_save_changes}</arg>
</arguments>
<msg timestamp="20200512 21:14:42.389" level="INFO">Clicking element 'name:commit'.</msg>
<status status="PASS" starttime="20200512 21:14:42.389" endtime="20200512 21:14:42.867"></status>
</kw>
<status status="PASS" starttime="20200512 21:14:42.389" endtime="20200512 21:14:42.868"></status>
</kw>
<status status="PASS" starttime="20200512 21:14:42.021" endtime="20200512 21:14:42.868"></status>
</kw>
<kw name="Devo ver mensagem &quot;User atualizado com sucesso&quot;" library="settings_steps">
<kw name="Page Should Contain" library="SeleniumLibrary">
<doc>Verifies that current page contains ``text``.</doc>
<arguments>
<arg>${mensagem}</arg>
</arguments>
<kw name="Capture Page Screenshot" library="SeleniumLibrary">
<doc>Takes a screenshot of the current page and embeds it into a log file.</doc>
<msg timestamp="20200512 21:14:43.358" level="INFO" html="yes">&lt;/td&gt;&lt;/tr&gt;&lt;tr&gt;&lt;td colspan="3"&gt;&lt;a href="selenium-screenshot-249.png"&gt;&lt;img src="selenium-screenshot-249.png" width="800px"&gt;&lt;/a&gt;</msg>
<status status="PASS" starttime="20200512 21:14:42.907" endtime="20200512 21:14:43.358"></status>
</kw>
<msg timestamp="20200512 21:14:43.359" level="FAIL">Page should have contained text 'User atualizado com sucesso' but did not.</msg>
<status status="FAIL" starttime="20200512 21:14:42.869" endtime="20200512 21:14:43.359"></status>
</kw>
<status status="FAIL" starttime="20200512 21:14:42.868" endtime="20200512 21:14:43.360"></status>
</kw>
<kw name="Fechando browser" library="settings_steps" type="teardown">
<kw name="Close Browser" library="SeleniumLibrary">
<doc>Closes the current browser.</doc>
<status status="PASS" starttime="20200512 21:14:43.361" endtime="20200512 21:14:43.442"></status>
</kw>
<status status="PASS" starttime="20200512 21:14:43.360" endtime="20200512 21:14:43.442"></status>
</kw>
<status status="FAIL" starttime="20200512 21:14:37.246" endtime="20200512 21:14:43.442" critical="yes">Page should have contained text 'User atualizado com sucesso' but did not.</status>
</test>
<doc>O usuario esta na tela de Settings e pode alterar todos os dados</doc>
<status status="FAIL" starttime="20200512 21:14:14.595" endtime="20200512 21:14:43.446"></status>
</suite>
<statistics>
<total>
<stat pass="2" fail="2">Critical Tests</stat>
<stat pass="2" fail="2">All Tests</stat>
</total>
<tag>
</tag>
<suite>
<stat pass="2" fail="2" id="s1" name="Settings Test">Settings Test</stat>
</suite>
</statistics>
<errors>
</errors>
</robot>
